<?xml version="1.0" encoding="UTF-8"?>
<testng-results skipped="0" failed="0" ignored="0" total="1" passed="1">
  <reporter-output>
  </reporter-output>
  <suite name="Suite" duration-ms="31089" started-at="2018-04-21T04:56:03Z" finished-at="2018-04-21T04:56:34Z">
    <groups>
    </groups>
    <test name="Test" duration-ms="31089" started-at="2018-04-21T04:56:03Z" finished-at="2018-04-21T04:56:34Z">
      <class name="testcases.TC001_CreateLead">
        <test-method status="PASS" signature="beforeSuite()[pri:0, instance:testcases.TC001_CreateLead@1ec1f0c]" name="beforeSuite" is-config="true" duration-ms="508" started-at="2018-04-21T10:26:03Z" finished-at="2018-04-21T10:26:03Z">
          <reporter-output>
          </reporter-output>
        </test-method> <!-- beforeSuite -->
        <test-method status="PASS" signature="setData()[pri:0, instance:testcases.TC001_CreateLead@1ec1f0c]" name="setData" is-config="true" duration-ms="0" started-at="2018-04-21T10:26:03Z" finished-at="2018-04-21T10:26:03Z">
          <reporter-output>
          </reporter-output>
        </test-method> <!-- setData -->
        <test-method status="PASS" signature="beforeClass()[pri:0, instance:testcases.TC001_CreateLead@1ec1f0c]" name="beforeClass" is-config="true" duration-ms="0" started-at="2018-04-21T10:26:03Z" finished-at="2018-04-21T10:26:03Z">
          <reporter-output>
          </reporter-output>
        </test-method> <!-- beforeClass -->
        <test-method status="PASS" signature="beforeMethod()[pri:0, instance:testcases.TC001_CreateLead@1ec1f0c]" name="beforeMethod" is-config="true" duration-ms="13727" started-at="2018-04-21T10:26:04Z" finished-at="2018-04-21T10:26:18Z">
          <reporter-output>
          </reporter-output>
        </test-method> <!-- beforeMethod -->
        <test-method status="PASS" signature="login(java.lang.String, java.lang.String, java.lang.String, java.lang.String, java.lang.String)[pri:0, instance:testcases.TC001_CreateLead@1ec1f0c]" name="login" duration-ms="13233" started-at="2018-04-21T10:26:18Z" data-provider="fetchData" finished-at="2018-04-21T10:26:31Z">
          <params>
            <param index="0">
              <value>
                <![CDATA[DemoSalesManager]]>
              </value>
            </param>
            <param index="1">
              <value>
                <![CDATA[crmsfa]]>
              </value>
            </param>
            <param index="2">
              <value>
                <![CDATA[sysvedha]]>
              </value>
            </param>
            <param index="3">
              <value>
                <![CDATA[nishanth]]>
              </value>
            </param>
            <param index="4">
              <value>
                <![CDATA[k]]>
              </value>
            </param>
          </params>
          <reporter-output>
          </reporter-output>
        </test-method> <!-- login -->
        <test-method status="PASS" signature="afterMethod()[pri:0, instance:testcases.TC001_CreateLead@1ec1f0c]" name="afterMethod" is-config="true" duration-ms="3462" started-at="2018-04-21T10:26:31Z" finished-at="2018-04-21T10:26:34Z">
          <reporter-output>
          </reporter-output>
        </test-method> <!-- afterMethod -->
        <test-method status="PASS" signature="afterTest()[pri:0, instance:testcases.TC001_CreateLead@1ec1f0c]" name="afterTest" is-config="true" duration-ms="0" started-at="2018-04-21T10:26:34Z" finished-at="2018-04-21T10:26:34Z">
          <reporter-output>
          </reporter-output>
        </test-method> <!-- afterTest -->
        <test-method status="PASS" signature="afterSuite()[pri:0, instance:testcases.TC001_CreateLead@1ec1f0c]" name="afterSuite" is-config="true" duration-ms="532" started-at="2018-04-21T10:26:35Z" finished-at="2018-04-21T10:26:35Z">
          <reporter-output>
          </reporter-output>
        </test-method> <!-- afterSuite -->
      </class> <!-- testcases.TC001_CreateLead -->
    </test> <!-- Test -->
  </suite> <!-- Suite -->
</testng-results>
