<?xml version="1.0" encoding="UTF-8"?>
<testng-results skipped="0" failed="0" ignored="0" total="1" passed="1">
  <reporter-output>
  </reporter-output>
  <suite name="Default suite" duration-ms="42567" started-at="2018-04-18T18:37:48Z" finished-at="2018-04-18T18:38:30Z">
    <groups>
    </groups>
    <test name="Default test" duration-ms="42567" started-at="2018-04-18T18:37:48Z" finished-at="2018-04-18T18:38:30Z">
      <class name="testcases.TC007_DeleteLead">
        <test-method status="PASS" signature="beforeSuite()[pri:0, instance:testcases.TC007_DeleteLead@1ec1f0c]" name="beforeSuite" is-config="true" duration-ms="418" started-at="2018-04-19T00:07:47Z" finished-at="2018-04-19T00:07:48Z">
          <reporter-output>
          </reporter-output>
        </test-method> <!-- beforeSuite -->
        <test-method status="PASS" signature="setData()[pri:0, instance:testcases.TC007_DeleteLead@1ec1f0c]" name="setData" is-config="true" duration-ms="0" started-at="2018-04-19T00:07:48Z" finished-at="2018-04-19T00:07:48Z">
          <reporter-output>
          </reporter-output>
        </test-method> <!-- setData -->
        <test-method status="PASS" signature="beforeClass()[pri:0, instance:testcases.TC007_DeleteLead@1ec1f0c]" name="beforeClass" is-config="true" duration-ms="0" started-at="2018-04-19T00:07:48Z" finished-at="2018-04-19T00:07:48Z">
          <reporter-output>
          </reporter-output>
        </test-method> <!-- beforeClass -->
        <test-method status="PASS" signature="beforeMethod()[pri:0, instance:testcases.TC007_DeleteLead@1ec1f0c]" name="beforeMethod" is-config="true" duration-ms="18576" started-at="2018-04-19T00:07:48Z" finished-at="2018-04-19T00:08:07Z">
          <reporter-output>
          </reporter-output>
        </test-method> <!-- beforeMethod -->
        <test-method status="PASS" signature="login(java.lang.String, java.lang.String, java.lang.String)[pri:0, instance:testcases.TC007_DeleteLead@1ec1f0c]" name="login" duration-ms="22427" started-at="2018-04-19T00:08:07Z" data-provider="fetchData" finished-at="2018-04-19T00:08:29Z">
          <params>
            <param index="0">
              <value>
                <![CDATA[DemoSalesManager]]>
              </value>
            </param>
            <param index="1">
              <value>
                <![CDATA[crmsfa]]>
              </value>
            </param>
            <param index="2">
              <value>
                <![CDATA[Test]]>
              </value>
            </param>
          </params>
          <reporter-output>
          </reporter-output>
        </test-method> <!-- login -->
        <test-method status="PASS" signature="afterMethod()[pri:0, instance:testcases.TC007_DeleteLead@1ec1f0c]" name="afterMethod" is-config="true" duration-ms="783" started-at="2018-04-19T00:08:29Z" finished-at="2018-04-19T00:08:30Z">
          <reporter-output>
          </reporter-output>
        </test-method> <!-- afterMethod -->
        <test-method status="PASS" signature="afterTest()[pri:0, instance:testcases.TC007_DeleteLead@1ec1f0c]" name="afterTest" is-config="true" duration-ms="0" started-at="2018-04-19T00:08:30Z" finished-at="2018-04-19T00:08:30Z">
          <reporter-output>
          </reporter-output>
        </test-method> <!-- afterTest -->
        <test-method status="PASS" signature="afterSuite()[pri:0, instance:testcases.TC007_DeleteLead@1ec1f0c]" name="afterSuite" is-config="true" duration-ms="848" started-at="2018-04-19T00:08:30Z" finished-at="2018-04-19T00:08:31Z">
          <reporter-output>
          </reporter-output>
        </test-method> <!-- afterSuite -->
      </class> <!-- testcases.TC007_DeleteLead -->
    </test> <!-- Default test -->
  </suite> <!-- Default suite -->
</testng-results>
